# JRE version: Java(TM) SE Runtime Environment (17.0.5+9) (build 17.0.5+9-LTS-191)
# Java VM: Java HotSpot(TM) 64-Bit Server VM (17.0.5+9-LTS-191, mixed mode, sharing, tiered, compressed oops, compressed class ptrs, g1 gc, windows-amd64)
GC Precious Log:
 CPUs: 4 total, 4 available
 Memory: 8049M
 Large Page Support: Disabled
 NUMA Support: Disabled
 Compressed Oops: Enabled (32-bit)
 Heap Region Size: 1M
 Heap Min Capacity: 8M
 Heap Initial Capacity: 126M
 Heap Max Capacity: 2G
 Pre-touch: Disabled
 Parallel Workers: 4
 Concurrent Workers: 1
 Concurrent Refinement Workers: 4
 Periodic GC: Disabled
Heap:
 garbage-first heap   total 348160K, used 286320K [0x0000000080000000, 0x0000000100000000)
  region size 1024K, 61 young (62464K), 12 survivors (12288K)
 Metaspace       used 137446K, committed 138752K, reserved 544768K
  class space    used 18129K, committed 18752K, reserved 421888K
GC Heap History (20 events):
Event: 285.220 GC heap before
{Heap before GC invocations=175 (full 0):
 garbage-first heap   total 348160K, used 281702K [0x0000000080000000, 0x0000000100000000)
  region size 1024K, 72 young (73728K), 2 survivors (2048K)
 Metaspace       used 133703K, committed 135040K, reserved 544768K
  class space    used 17691K, committed 18304K, reserved 421888K
}
Event: 285.222 GC heap after
{Heap after GC invocations=176 (full 0):
 garbage-first heap   total 348160K, used 208812K [0x0000000080000000, 0x0000000100000000)
  region size 1024K, 1 young (1024K), 1 survivors (1024K)
 Metaspace       used 133703K, committed 135040K, reserved 544768K
  class space    used 17691K, committed 18304K, reserved 421888K
}
Event: 286.869 GC heap before
{Heap before GC invocations=176 (full 0):
 garbage-first heap   total 348160K, used 286636K [0x0000000080000000, 0x0000000100000000)
  region size 1024K, 77 young (78848K), 1 survivors (1024K)
 Metaspace       used 133764K, committed 135104K, reserved 544768K
  class space    used 17694K, committed 18304K, reserved 421888K
}
Event: 286.873 GC heap after
{Heap after GC invocations=177 (full 0):
 garbage-first heap   total 348160K, used 212577K [0x0000000080000000, 0x0000000100000000)
  region size 1024K, 5 young (5120K), 5 survivors (5120K)
 Metaspace       used 133764K, committed 135104K, reserved 544768K
  class space    used 17694K, committed 18304K, reserved 421888K
}
Event: 288.588 GC heap before
{Heap before GC invocations=177 (full 0):
 garbage-first heap   total 348160K, used 291425K [0x0000000080000000, 0x0000000100000000)
  region size 1024K, 81 young (82944K), 5 survivors (5120K)
 Metaspace       used 133772K, committed 135104K, reserved 544768K
  class space    used 17694K, committed 18304K, reserved 421888K
}
Event: 288.590 GC heap after
{Heap after GC invocations=178 (full 0):
 garbage-first heap   total 348160K, used 211406K [0x0000000080000000, 0x0000000100000000)
  region size 1024K, 3 young (3072K), 3 survivors (3072K)
 Metaspace       used 133772K, committed 135104K, reserved 544768K
  class space    used 17694K, committed 18304K, reserved 421888K
}
Event: 290.994 GC heap before
{Heap before GC invocations=178 (full 0):
 garbage-first heap   total 348160K, used 296398K [0x0000000080000000, 0x0000000100000000)
  region size 1024K, 84 young (86016K), 3 survivors (3072K)
 Metaspace       used 134072K, committed 135360K, reserved 544768K
  class space    used 17717K, committed 18304K, reserved 421888K
}
Event: 291.000 GC heap after
{Heap after GC invocations=179 (full 0):
 garbage-first heap   total 348160K, used 218099K [0x0000000080000000, 0x0000000100000000)
  region size 1024K, 7 young (7168K), 7 survivors (7168K)
 Metaspace       used 134072K, committed 135360K, reserved 544768K
  class space    used 17717K, committed 18304K, reserved 421888K
}
Event: 292.463 GC heap before
{Heap before GC invocations=179 (full 0):
 garbage-first heap   total 348160K, used 295923K [0x0000000080000000, 0x0000000100000000)
  region size 1024K, 83 young (84992K), 7 survivors (7168K)
 Metaspace       used 134085K, committed 135360K, reserved 544768K
  class space    used 17720K, committed 18304K, reserved 421888K
}
Event: 292.471 GC heap after
{Heap after GC invocations=180 (full 0):
 garbage-first heap   total 348160K, used 219331K [0x0000000080000000, 0x0000000100000000)
  region size 1024K, 7 young (7168K), 7 survivors (7168K)
 Metaspace       used 134085K, committed 135360K, reserved 544768K
  class space    used 17720K, committed 18304K, reserved 421888K
}
Event: 293.895 GC heap before
{Heap before GC invocations=180 (full 0):
 garbage-first heap   total 348160K, used 298179K [0x0000000080000000, 0x0000000100000000)
  region size 1024K, 84 young (86016K), 7 survivors (7168K)
 Metaspace       used 134113K, committed 135360K, reserved 544768K
  class space    used 17725K, committed 18304K, reserved 421888K
}
Event: 293.901 GC heap after
{Heap after GC invocations=181 (full 0):
 garbage-first heap   total 348160K, used 220434K [0x0000000080000000, 0x0000000100000000)
  region size 1024K, 6 young (6144K), 6 survivors (6144K)
 Metaspace       used 134113K, committed 135360K, reserved 544768K
  class space    used 17725K, committed 18304K, reserved 421888K
}
Event: 294.879 GC heap before
{Heap before GC invocations=181 (full 0):
 garbage-first heap   total 348160K, used 301330K [0x0000000080000000, 0x0000000100000000)
  region size 1024K, 85 young (87040K), 6 survivors (6144K)
 Metaspace       used 134113K, committed 135360K, reserved 544768K
  class space    used 17725K, committed 18304K, reserved 421888K
}
Event: 294.885 GC heap after
{Heap after GC invocations=182 (full 0):
 garbage-first heap   total 348160K, used 220945K [0x0000000080000000, 0x0000000100000000)
  region size 1024K, 7 young (7168K), 7 survivors (7168K)
 Metaspace       used 134113K, committed 135360K, reserved 544768K
  class space    used 17725K, committed 18304K, reserved 421888K
}
Event: 296.075 GC heap before
{Heap before GC invocations=182 (full 0):
 garbage-first heap   total 348160K, used 301841K [0x0000000080000000, 0x0000000100000000)
  region size 1024K, 86 young (88064K), 7 survivors (7168K)
 Metaspace       used 134344K, committed 135616K, reserved 544768K
  class space    used 17761K, committed 18368K, reserved 421888K
}
Event: 296.082 GC heap after
{Heap after GC invocations=183 (full 0):
 garbage-first heap   total 348160K, used 222116K [0x0000000080000000, 0x0000000100000000)
  region size 1024K, 5 young (5120K), 5 survivors (5120K)
 Metaspace       used 134344K, committed 135616K, reserved 544768K
  class space    used 17761K, committed 18368K, reserved 421888K
}
Event: 298.179 GC heap before
{Heap before GC invocations=183 (full 0):
 garbage-first heap   total 348160K, used 304036K [0x0000000080000000, 0x0000000100000000)
  region size 1024K, 85 young (87040K), 5 survivors (5120K)
 Metaspace       used 134556K, committed 135808K, reserved 544768K
  class space    used 17790K, committed 18368K, reserved 421888K
}
Event: 298.185 GC heap after
{Heap after GC invocations=184 (full 0):
 garbage-first heap   total 348160K, used 219645K [0x0000000080000000, 0x0000000100000000)
  region size 1024K, 5 young (5120K), 5 survivors (5120K)
 Metaspace       used 134556K, committed 135808K, reserved 544768K
  class space    used 17790K, committed 18368K, reserved 421888K
}
Event: 312.794 GC heap before
{Heap before GC invocations=184 (full 0):
 garbage-first heap   total 348160K, used 306685K [0x0000000080000000, 0x0000000100000000)
  region size 1024K, 89 young (91136K), 5 survivors (5120K)
 Metaspace       used 136962K, committed 138304K, reserved 544768K
  class space    used 18114K, committed 18752K, reserved 421888K
}
Event: 312.841 GC heap after
{Heap after GC invocations=185 (full 0):
 garbage-first heap   total 348160K, used 237168K [0x0000000080000000, 0x0000000100000000)
  region size 1024K, 12 young (12288K), 12 survivors (12288K)
 Metaspace       used 136962K, committed 138304K, reserved 544768K
  class space    used 18114K, committed 18752K, reserved 421888K
}

