# JRE version: Java(TM) SE Runtime Environment (17.0.5+9) (build 17.0.5+9-LTS-191)
# Java VM: Java HotSpot(TM) 64-Bit Server VM (17.0.5+9-LTS-191, mixed mode, sharing, tiered, compressed oops, compressed class ptrs, g1 gc, windows-amd64)
GC Precious Log:
 CPUs: 4 total, 4 available
 Memory: 8049M
 Large Page Support: Disabled
 NUMA Support: Disabled
 Compressed Oops: Enabled (32-bit)
 Heap Region Size: 1M
 Heap Min Capacity: 8M
 Heap Initial Capacity: 126M
 Heap Max Capacity: 2014M
 Pre-touch: Disabled
 Parallel Workers: 4
 Concurrent Workers: 1
 Concurrent Refinement Workers: 4
 Periodic GC: Disabled
Heap:
 garbage-first heap   total 148480K, used 108973K [0x0000000082200000, 0x0000000100000000)
  region size 1024K, 12 young (12288K), 4 survivors (4096K)
 Metaspace       used 67498K, committed 67840K, reserved 1114112K
  class space    used 7462K, committed 7616K, reserved 1048576K
GC Heap History (20 events):
Event: 116.240 GC heap before
{Heap before GC invocations=47 (full 0):
 garbage-first heap   total 138240K, used 114716K [0x0000000082200000, 0x0000000100000000)
  region size 1024K, 38 young (38912K), 2 survivors (2048K)
 Metaspace       used 59832K, committed 60096K, reserved 1105920K
  class space    used 6868K, committed 6976K, reserved 1048576K
}
Event: 116.250 GC heap after
{Heap after GC invocations=48 (full 0):
 garbage-first heap   total 138240K, used 80493K [0x0000000082200000, 0x0000000100000000)
  region size 1024K, 4 young (4096K), 4 survivors (4096K)
 Metaspace       used 59832K, committed 60096K, reserved 1105920K
  class space    used 6868K, committed 6976K, reserved 1048576K
}
Event: 117.364 GC heap before
{Heap before GC invocations=48 (full 0):
 garbage-first heap   total 138240K, used 82541K [0x0000000082200000, 0x0000000100000000)
  region size 1024K, 6 young (6144K), 4 survivors (4096K)
 Metaspace       used 59850K, committed 60160K, reserved 1105920K
  class space    used 6868K, committed 6976K, reserved 1048576K
}
Event: 117.375 GC heap after
{Heap after GC invocations=49 (full 0):
 garbage-first heap   total 138240K, used 80734K [0x0000000082200000, 0x0000000100000000)
  region size 1024K, 1 young (1024K), 1 survivors (1024K)
 Metaspace       used 59850K, committed 60160K, reserved 1105920K
  class space    used 6868K, committed 6976K, reserved 1048576K
}
Event: 129.963 GC heap before
{Heap before GC invocations=49 (full 0):
 garbage-first heap   total 138240K, used 113502K [0x0000000082200000, 0x0000000100000000)
  region size 1024K, 33 young (33792K), 1 survivors (1024K)
 Metaspace       used 60132K, committed 60480K, reserved 1105920K
  class space    used 6872K, committed 7040K, reserved 1048576K
}
Event: 129.973 GC heap after
{Heap after GC invocations=50 (full 0):
 garbage-first heap   total 138240K, used 83678K [0x0000000082200000, 0x0000000100000000)
  region size 1024K, 4 young (4096K), 4 survivors (4096K)
 Metaspace       used 60132K, committed 60480K, reserved 1105920K
  class space    used 6872K, committed 7040K, reserved 1048576K
}
Event: 145.360 GC heap before
{Heap before GC invocations=50 (full 0):
 garbage-first heap   total 138240K, used 114398K [0x0000000082200000, 0x0000000100000000)
  region size 1024K, 34 young (34816K), 4 survivors (4096K)
 Metaspace       used 60473K, committed 60800K, reserved 1105920K
  class space    used 6880K, committed 7040K, reserved 1048576K
}
Event: 145.375 GC heap after
{Heap after GC invocations=51 (full 0):
 garbage-first heap   total 138240K, used 86628K [0x0000000082200000, 0x0000000100000000)
  region size 1024K, 3 young (3072K), 3 survivors (3072K)
 Metaspace       used 60473K, committed 60800K, reserved 1105920K
  class space    used 6880K, committed 7040K, reserved 1048576K
}
Event: 151.837 GC heap before
{Heap before GC invocations=51 (full 0):
 garbage-first heap   total 138240K, used 115300K [0x0000000082200000, 0x0000000100000000)
  region size 1024K, 31 young (31744K), 3 survivors (3072K)
 Metaspace       used 61111K, committed 61376K, reserved 1105920K
  class space    used 6918K, committed 7040K, reserved 1048576K
}
Event: 151.850 GC heap after
{Heap after GC invocations=52 (full 0):
 garbage-first heap   total 138240K, used 87466K [0x0000000082200000, 0x0000000100000000)
  region size 1024K, 1 young (1024K), 1 survivors (1024K)
 Metaspace       used 61111K, committed 61376K, reserved 1105920K
  class space    used 6918K, committed 7040K, reserved 1048576K
}
Event: 160.789 GC heap before
{Heap before GC invocations=53 (full 0):
 garbage-first heap   total 148480K, used 115114K [0x0000000082200000, 0x0000000100000000)
  region size 1024K, 28 young (28672K), 1 survivors (1024K)
 Metaspace       used 65213K, committed 65536K, reserved 1114112K
  class space    used 7290K, committed 7424K, reserved 1048576K
}
Event: 160.796 GC heap after
{Heap after GC invocations=54 (full 0):
 garbage-first heap   total 148480K, used 88483K [0x0000000082200000, 0x0000000100000000)
  region size 1024K, 2 young (2048K), 2 survivors (2048K)
 Metaspace       used 65213K, committed 65536K, reserved 1114112K
  class space    used 7290K, committed 7424K, reserved 1048576K
}
Event: 162.654 GC heap before
{Heap before GC invocations=54 (full 0):
 garbage-first heap   total 148480K, used 93603K [0x0000000082200000, 0x0000000100000000)
  region size 1024K, 7 young (7168K), 2 survivors (2048K)
 Metaspace       used 65960K, committed 66304K, reserved 1114112K
  class space    used 7371K, committed 7488K, reserved 1048576K
}
Event: 162.665 GC heap after
{Heap after GC invocations=55 (full 0):
 garbage-first heap   total 148480K, used 88617K [0x0000000082200000, 0x0000000100000000)
  region size 1024K, 1 young (1024K), 1 survivors (1024K)
 Metaspace       used 65960K, committed 66304K, reserved 1114112K
  class space    used 7371K, committed 7488K, reserved 1048576K
}
Event: 168.925 GC heap before
{Heap before GC invocations=55 (full 0):
 garbage-first heap   total 148480K, used 124457K [0x0000000082200000, 0x0000000100000000)
  region size 1024K, 36 young (36864K), 1 survivors (1024K)
 Metaspace       used 67159K, committed 67456K, reserved 1114112K
  class space    used 7451K, committed 7552K, reserved 1048576K
}
Event: 168.945 GC heap after
{Heap after GC invocations=56 (full 0):
 garbage-first heap   total 148480K, used 93432K [0x0000000082200000, 0x0000000100000000)
  region size 1024K, 5 young (5120K), 5 survivors (5120K)
 Metaspace       used 67159K, committed 67456K, reserved 1114112K
  class space    used 7451K, committed 7552K, reserved 1048576K
}
Event: 172.915 GC heap before
{Heap before GC invocations=56 (full 0):
 garbage-first heap   total 148480K, used 124152K [0x0000000082200000, 0x0000000100000000)
  region size 1024K, 35 young (35840K), 5 survivors (5120K)
 Metaspace       used 67404K, committed 67776K, reserved 1114112K
  class space    used 7458K, committed 7616K, reserved 1048576K
}
Event: 172.931 GC heap after
{Heap after GC invocations=57 (full 0):
 garbage-first heap   total 148480K, used 98058K [0x0000000082200000, 0x0000000100000000)
  region size 1024K, 5 young (5120K), 5 survivors (5120K)
 Metaspace       used 67404K, committed 67776K, reserved 1114112K
  class space    used 7458K, committed 7616K, reserved 1048576K
}
Event: 174.272 GC heap before
{Heap before GC invocations=57 (full 0):
 garbage-first heap   total 148480K, used 123658K [0x0000000082200000, 0x0000000100000000)
  region size 1024K, 30 young (30720K), 5 survivors (5120K)
 Metaspace       used 67486K, committed 67840K, reserved 1114112K
  class space    used 7462K, committed 7616K, reserved 1048576K
}
Event: 174.289 GC heap after
{Heap after GC invocations=58 (full 0):
 garbage-first heap   total 148480K, used 101805K [0x0000000082200000, 0x0000000100000000)
  region size 1024K, 4 young (4096K), 4 survivors (4096K)
 Metaspace       used 67486K, committed 67840K, reserved 1114112K
  class space    used 7462K, committed 7616K, reserved 1048576K
}

