# JRE version: Java(TM) SE Runtime Environment (17.0.5+9) (build 17.0.5+9-LTS-191)
# Java VM: Java HotSpot(TM) 64-Bit Server VM (17.0.5+9-LTS-191, mixed mode, sharing, tiered, compressed oops, compressed class ptrs, g1 gc, windows-amd64)
GC Precious Log:
 CPUs: 4 total, 4 available
 Memory: 8049M
 Large Page Support: Disabled
 NUMA Support: Disabled
 Compressed Oops: Enabled (32-bit)
 Heap Region Size: 1M
 Heap Min Capacity: 8M
 Heap Initial Capacity: 126M
 Heap Max Capacity: 2G
 Pre-touch: Disabled
 Parallel Workers: 4
 Concurrent Workers: 1
 Concurrent Refinement Workers: 4
 Periodic GC: Disabled
Heap:
 garbage-first heap   total 475136K, used 274641K [0x0000000080000000, 0x0000000100000000)
  region size 1024K, 3 young (3072K), 3 survivors (3072K)
 Metaspace       used 156315K, committed 158208K, reserved 561152K
  class space    used 19896K, committed 20800K, reserved 421888K
GC Heap History (20 events):
Event: 4855.679 GC heap after
{Heap after GC invocations=148 (full 1):
 garbage-first heap   total 399360K, used 198008K [0x0000000080000000, 0x0000000100000000)
  region size 1024K, 14 young (14336K), 14 survivors (14336K)
 Metaspace       used 155900K, committed 157824K, reserved 561152K
  class space    used 19882K, committed 20800K, reserved 421888K
}
Event: 4877.256 GC heap before
{Heap before GC invocations=149 (full 1):
 garbage-first heap   total 399360K, used 324984K [0x0000000080000000, 0x0000000100000000)
  region size 1024K, 136 young (139264K), 14 survivors (14336K)
 Metaspace       used 156055K, committed 157952K, reserved 561152K
  class space    used 19884K, committed 20800K, reserved 421888K
}
Event: 4877.404 GC heap after
{Heap after GC invocations=150 (full 1):
 garbage-first heap   total 399360K, used 212287K [0x0000000080000000, 0x0000000100000000)
  region size 1024K, 13 young (13312K), 13 survivors (13312K)
 Metaspace       used 156055K, committed 157952K, reserved 561152K
  class space    used 19884K, committed 20800K, reserved 421888K
}
Event: 4877.434 GC heap before
{Heap before GC invocations=150 (full 1):
 garbage-first heap   total 399360K, used 218431K [0x0000000080000000, 0x0000000100000000)
  region size 1024K, 19 young (19456K), 13 survivors (13312K)
 Metaspace       used 156055K, committed 157952K, reserved 561152K
  class space    used 19884K, committed 20800K, reserved 421888K
}
Event: 4877.586 GC heap after
{Heap after GC invocations=151 (full 1):
 garbage-first heap   total 399360K, used 209289K [0x0000000080000000, 0x0000000100000000)
  region size 1024K, 2 young (2048K), 2 survivors (2048K)
 Metaspace       used 156055K, committed 157952K, reserved 561152K
  class space    used 19884K, committed 20800K, reserved 421888K
}
Event: 4914.212 GC heap before
{Heap before GC invocations=151 (full 1):
 garbage-first heap   total 399360K, used 325001K [0x0000000080000000, 0x0000000100000000)
  region size 1024K, 114 young (116736K), 2 survivors (2048K)
 Metaspace       used 156181K, committed 158080K, reserved 561152K
  class space    used 19888K, committed 20800K, reserved 421888K
}
Event: 4914.239 GC heap after
{Heap after GC invocations=152 (full 1):
 garbage-first heap   total 399360K, used 217265K [0x0000000080000000, 0x0000000100000000)
  region size 1024K, 8 young (8192K), 8 survivors (8192K)
 Metaspace       used 156181K, committed 158080K, reserved 561152K
  class space    used 19888K, committed 20800K, reserved 421888K
}
Event: 4920.639 GC heap before
{Heap before GC invocations=152 (full 1):
 garbage-first heap   total 399360K, used 231601K [0x0000000080000000, 0x0000000100000000)
  region size 1024K, 23 young (23552K), 8 survivors (8192K)
 Metaspace       used 156191K, committed 158080K, reserved 561152K
  class space    used 19888K, committed 20800K, reserved 421888K
}
Event: 4920.654 GC heap after
{Heap after GC invocations=153 (full 1):
 garbage-first heap   total 399360K, used 216515K [0x0000000080000000, 0x0000000100000000)
  region size 1024K, 7 young (7168K), 7 survivors (7168K)
 Metaspace       used 156191K, committed 158080K, reserved 561152K
  class space    used 19888K, committed 20800K, reserved 421888K
}
Event: 4930.910 GC heap before
{Heap before GC invocations=154 (full 1):
 garbage-first heap   total 399360K, used 349635K [0x0000000080000000, 0x0000000100000000)
  region size 1024K, 118 young (120832K), 7 survivors (7168K)
 Metaspace       used 156295K, committed 158208K, reserved 561152K
  class space    used 19896K, committed 20800K, reserved 421888K
}
Event: 4930.940 GC heap after
{Heap after GC invocations=155 (full 1):
 garbage-first heap   total 399360K, used 241524K [0x0000000080000000, 0x0000000100000000)
  region size 1024K, 15 young (15360K), 15 survivors (15360K)
 Metaspace       used 156295K, committed 158208K, reserved 561152K
  class space    used 19896K, committed 20800K, reserved 421888K
}
Event: 4930.982 GC heap before
{Heap before GC invocations=155 (full 1):
 garbage-first heap   total 399360K, used 250740K [0x0000000080000000, 0x0000000100000000)
  region size 1024K, 19 young (19456K), 15 survivors (15360K)
 Metaspace       used 156295K, committed 158208K, reserved 561152K
  class space    used 19896K, committed 20800K, reserved 421888K
}
Event: 4931.035 GC heap after
{Heap after GC invocations=156 (full 1):
 garbage-first heap   total 399360K, used 238167K [0x0000000080000000, 0x0000000100000000)
  region size 1024K, 3 young (3072K), 3 survivors (3072K)
 Metaspace       used 156295K, committed 158208K, reserved 561152K
  class space    used 19896K, committed 20800K, reserved 421888K
}
Event: 4932.496 GC heap before
{Heap before GC invocations=156 (full 1):
 garbage-first heap   total 399360K, used 340567K [0x0000000080000000, 0x0000000100000000)
  region size 1024K, 92 young (94208K), 3 survivors (3072K)
 Metaspace       used 156311K, committed 158208K, reserved 561152K
  class space    used 19896K, committed 20800K, reserved 421888K
}
Event: 4932.620 GC heap after
{Heap after GC invocations=157 (full 1):
 garbage-first heap   total 399360K, used 262499K [0x0000000080000000, 0x0000000100000000)
  region size 1024K, 12 young (12288K), 12 survivors (12288K)
 Metaspace       used 156311K, committed 158208K, reserved 561152K
  class space    used 19896K, committed 20800K, reserved 421888K
}
Event: 4932.643 GC heap before
{Heap before GC invocations=157 (full 1):
 garbage-first heap   total 399360K, used 263523K [0x0000000080000000, 0x0000000100000000)
  region size 1024K, 14 young (14336K), 12 survivors (12288K)
 Metaspace       used 156311K, committed 158208K, reserved 561152K
  class space    used 19896K, committed 20800K, reserved 421888K
}
Event: 4932.694 GC heap after
{Heap after GC invocations=158 (full 1):
 garbage-first heap   total 399360K, used 264690K [0x0000000080000000, 0x0000000100000000)
  region size 1024K, 2 young (2048K), 2 survivors (2048K)
 Metaspace       used 156311K, committed 158208K, reserved 561152K
  class space    used 19896K, committed 20800K, reserved 421888K
}
Event: 4934.791 GC heap before
{Heap before GC invocations=159 (full 1):
 garbage-first heap   total 475136K, used 316914K [0x0000000080000000, 0x0000000100000000)
  region size 1024K, 56 young (57344K), 2 survivors (2048K)
 Metaspace       used 156315K, committed 158208K, reserved 561152K
  class space    used 19896K, committed 20800K, reserved 421888K
}
Event: 4934.833 GC heap after
{Heap after GC invocations=160 (full 1):
 garbage-first heap   total 475136K, used 278768K [0x0000000080000000, 0x0000000100000000)
  region size 1024K, 7 young (7168K), 7 survivors (7168K)
 Metaspace       used 156315K, committed 158208K, reserved 561152K
  class space    used 19896K, committed 20800K, reserved 421888K
}
Event: 4934.930 GC heap before
{Heap before GC invocations=160 (full 1):
 garbage-first heap   total 475136K, used 295152K [0x0000000080000000, 0x0000000100000000)
  region size 1024K, 23 young (23552K), 7 survivors (7168K)
 Metaspace       used 156315K, committed 158208K, reserved 561152K
  class space    used 19896K, committed 20800K, reserved 421888K
}

