# JRE version: Java(TM) SE Runtime Environment (17.0.5+9) (build 17.0.5+9-LTS-191)
# Java VM: Java HotSpot(TM) 64-Bit Server VM (17.0.5+9-LTS-191, mixed mode, sharing, tiered, compressed oops, compressed class ptrs, g1 gc, windows-amd64)
GC Precious Log:
 CPUs: 4 total, 4 available
 Memory: 8049M
 Large Page Support: Disabled
 NUMA Support: Disabled
 Compressed Oops: Enabled (32-bit)
 Heap Region Size: 1M
 Heap Min Capacity: 8M
 Heap Initial Capacity: 126M
 Heap Max Capacity: 2G
 Pre-touch: Disabled
 Parallel Workers: 4
 Concurrent Workers: 1
 Concurrent Refinement Workers: 4
 Periodic GC: Disabled
Heap:
 garbage-first heap   total 109568K, used 69770K [0x0000000080000000, 0x0000000100000000)
  region size 1024K, 6 young (6144K), 1 survivors (1024K)
 Metaspace       used 65709K, committed 66368K, reserved 479232K
  class space    used 9124K, committed 9472K, reserved 421888K
GC Heap History (20 events):
Event: 51.756 GC heap before
{Heap before GC invocations=21 (full 0):
 garbage-first heap   total 78848K, used 65506K [0x0000000080000000, 0x0000000100000000)
  region size 1024K, 23 young (23552K), 2 survivors (2048K)
 Metaspace       used 51804K, committed 52352K, reserved 471040K
  class space    used 7280K, committed 7552K, reserved 421888K
}
Event: 51.761 GC heap after
{Heap after GC invocations=22 (full 0):
 garbage-first heap   total 78848K, used 44729K [0x0000000080000000, 0x0000000100000000)
  region size 1024K, 2 young (2048K), 2 survivors (2048K)
 Metaspace       used 51804K, committed 52352K, reserved 471040K
  class space    used 7280K, committed 7552K, reserved 421888K
}
Event: 52.311 GC heap before
{Heap before GC invocations=23 (full 0):
 garbage-first heap   total 81920K, used 64185K [0x0000000080000000, 0x0000000100000000)
  region size 1024K, 22 young (22528K), 2 survivors (2048K)
 Metaspace       used 53352K, committed 53952K, reserved 471040K
  class space    used 7475K, committed 7744K, reserved 421888K
}
Event: 52.316 GC heap after
{Heap after GC invocations=24 (full 0):
 garbage-first heap   total 81920K, used 45761K [0x0000000080000000, 0x0000000100000000)
  region size 1024K, 3 young (3072K), 3 survivors (3072K)
 Metaspace       used 53352K, committed 53952K, reserved 471040K
  class space    used 7475K, committed 7744K, reserved 421888K
}
Event: 52.919 GC heap before
{Heap before GC invocations=24 (full 0):
 garbage-first heap   total 81920K, used 68289K [0x0000000080000000, 0x0000000100000000)
  region size 1024K, 25 young (25600K), 3 survivors (3072K)
 Metaspace       used 54823K, committed 55360K, reserved 471040K
  class space    used 7718K, committed 8000K, reserved 421888K
}
Event: 52.926 GC heap after
{Heap after GC invocations=25 (full 0):
 garbage-first heap   total 81920K, used 47610K [0x0000000080000000, 0x0000000100000000)
  region size 1024K, 4 young (4096K), 4 survivors (4096K)
 Metaspace       used 54823K, committed 55360K, reserved 471040K
  class space    used 7718K, committed 8000K, reserved 421888K
}
Event: 54.041 GC heap before
{Heap before GC invocations=26 (full 0):
 garbage-first heap   total 86016K, used 67066K [0x0000000080000000, 0x0000000100000000)
  region size 1024K, 23 young (23552K), 4 survivors (4096K)
 Metaspace       used 56035K, committed 56640K, reserved 471040K
  class space    used 7869K, committed 8128K, reserved 421888K
}
Event: 54.050 GC heap after
{Heap after GC invocations=27 (full 0):
 garbage-first heap   total 86016K, used 49181K [0x0000000080000000, 0x0000000100000000)
  region size 1024K, 2 young (2048K), 2 survivors (2048K)
 Metaspace       used 56035K, committed 56640K, reserved 471040K
  class space    used 7869K, committed 8128K, reserved 421888K
}
Event: 55.145 GC heap before
{Heap before GC invocations=27 (full 0):
 garbage-first heap   total 86016K, used 70685K [0x0000000080000000, 0x0000000100000000)
  region size 1024K, 23 young (23552K), 2 survivors (2048K)
 Metaspace       used 57912K, committed 58496K, reserved 479232K
  class space    used 8161K, committed 8448K, reserved 421888K
}
Event: 55.154 GC heap after
{Heap after GC invocations=28 (full 0):
 garbage-first heap   total 86016K, used 51898K [0x0000000080000000, 0x0000000100000000)
  region size 1024K, 3 young (3072K), 3 survivors (3072K)
 Metaspace       used 57912K, committed 58496K, reserved 479232K
  class space    used 8161K, committed 8448K, reserved 421888K
}
Event: 55.859 GC heap before
{Heap before GC invocations=29 (full 0):
 garbage-first heap   total 96256K, used 69306K [0x0000000080000000, 0x0000000100000000)
  region size 1024K, 21 young (21504K), 3 survivors (3072K)
 Metaspace       used 59870K, committed 60480K, reserved 479232K
  class space    used 8420K, committed 8704K, reserved 421888K
}
Event: 55.868 GC heap after
{Heap after GC invocations=30 (full 0):
 garbage-first heap   total 96256K, used 54265K [0x0000000080000000, 0x0000000100000000)
  region size 1024K, 3 young (3072K), 3 survivors (3072K)
 Metaspace       used 59870K, committed 60480K, reserved 479232K
  class space    used 8420K, committed 8704K, reserved 421888K
}
Event: 56.484 GC heap before
{Heap before GC invocations=30 (full 0):
 garbage-first heap   total 96256K, used 67577K [0x0000000080000000, 0x0000000100000000)
  region size 1024K, 18 young (18432K), 3 survivors (3072K)
 Metaspace       used 60088K, committed 60672K, reserved 479232K
  class space    used 8437K, committed 8704K, reserved 421888K
}
Event: 56.489 GC heap after
{Heap after GC invocations=31 (full 0):
 garbage-first heap   total 96256K, used 54865K [0x0000000080000000, 0x0000000100000000)
  region size 1024K, 3 young (3072K), 3 survivors (3072K)
 Metaspace       used 60088K, committed 60672K, reserved 479232K
  class space    used 8437K, committed 8704K, reserved 421888K
}
Event: 57.184 GC heap before
{Heap before GC invocations=32 (full 0):
 garbage-first heap   total 101376K, used 63057K [0x0000000080000000, 0x0000000100000000)
  region size 1024K, 11 young (11264K), 3 survivors (3072K)
 Metaspace       used 60096K, committed 60672K, reserved 479232K
  class space    used 8437K, committed 8704K, reserved 421888K
}
Event: 57.189 GC heap after
{Heap after GC invocations=33 (full 0):
 garbage-first heap   total 101376K, used 61582K [0x0000000080000000, 0x0000000100000000)
  region size 1024K, 4 young (4096K), 4 survivors (4096K)
 Metaspace       used 60096K, committed 60672K, reserved 479232K
  class space    used 8437K, committed 8704K, reserved 421888K
}
Event: 57.929 GC heap before
{Heap before GC invocations=34 (full 0):
 garbage-first heap   total 109568K, used 78990K [0x0000000080000000, 0x0000000100000000)
  region size 1024K, 20 young (20480K), 4 survivors (4096K)
 Metaspace       used 61715K, committed 62336K, reserved 479232K
  class space    used 8647K, committed 8960K, reserved 421888K
}
Event: 57.934 GC heap after
{Heap after GC invocations=35 (full 0):
 garbage-first heap   total 109568K, used 65541K [0x0000000080000000, 0x0000000100000000)
  region size 1024K, 2 young (2048K), 2 survivors (2048K)
 Metaspace       used 61715K, committed 62336K, reserved 479232K
  class space    used 8647K, committed 8960K, reserved 421888K
}
Event: 58.636 GC heap before
{Heap before GC invocations=35 (full 0):
 garbage-first heap   total 109568K, used 83973K [0x0000000080000000, 0x0000000100000000)
  region size 1024K, 20 young (20480K), 2 survivors (2048K)
 Metaspace       used 64707K, committed 65344K, reserved 479232K
  class space    used 9031K, committed 9344K, reserved 421888K
}
Event: 58.640 GC heap after
{Heap after GC invocations=36 (full 0):
 garbage-first heap   total 109568K, used 66698K [0x0000000080000000, 0x0000000100000000)
  region size 1024K, 1 young (1024K), 1 survivors (1024K)
 Metaspace       used 64707K, committed 65344K, reserved 479232K
  class space    used 9031K, committed 9344K, reserved 421888K
}

