# JRE version: Java(TM) SE Runtime Environment (17.0.5+9) (build 17.0.5+9-LTS-191)
# Java VM: Java HotSpot(TM) 64-Bit Server VM (17.0.5+9-LTS-191, mixed mode, sharing, tiered, compressed oops, compressed class ptrs, g1 gc, windows-amd64)
GC Precious Log:
 CPUs: 4 total, 4 available
 Memory: 8049M
 Large Page Support: Disabled
 NUMA Support: Disabled
 Compressed Oops: Enabled (32-bit)
 Heap Region Size: 1M
 Heap Min Capacity: 8M
 Heap Initial Capacity: 126M
 Heap Max Capacity: 2014M
 Pre-touch: Disabled
 Parallel Workers: 4
 Concurrent Workers: 1
 Concurrent Refinement Workers: 4
 Periodic GC: Disabled
Heap:
 garbage-first heap   total 107520K, used 66504K [0x0000000082200000, 0x0000000100000000)
  region size 1024K, 3 young (3072K), 2 survivors (2048K)
 Metaspace       used 75283K, committed 75584K, reserved 1122304K
  class space    used 8493K, committed 8640K, reserved 1048576K
GC Heap History (20 events):
Event: 78.681 GC heap before
{Heap before GC invocations=36 (full 0):
 garbage-first heap   total 92160K, used 72562K [0x0000000082200000, 0x0000000100000000)
  region size 1024K, 20 young (20480K), 2 survivors (2048K)
 Metaspace       used 59887K, committed 60160K, reserved 1105920K
  class space    used 6997K, committed 7104K, reserved 1048576K
}
Event: 78.691 GC heap after
{Heap after GC invocations=37 (full 0):
 garbage-first heap   total 92160K, used 54975K [0x0000000082200000, 0x0000000100000000)
  region size 1024K, 1 young (1024K), 1 survivors (1024K)
 Metaspace       used 59887K, committed 60160K, reserved 1105920K
  class space    used 6997K, committed 7104K, reserved 1048576K
}
Event: 79.014 GC heap before
{Heap before GC invocations=37 (full 0):
 garbage-first heap   total 92160K, used 57023K [0x0000000082200000, 0x0000000100000000)
  region size 1024K, 4 young (4096K), 1 survivors (1024K)
 Metaspace       used 60389K, committed 60672K, reserved 1105920K
  class space    used 7051K, committed 7168K, reserved 1048576K
}
Event: 79.023 GC heap after
{Heap after GC invocations=38 (full 0):
 garbage-first heap   total 92160K, used 55307K [0x0000000082200000, 0x0000000100000000)
  region size 1024K, 1 young (1024K), 1 survivors (1024K)
 Metaspace       used 60389K, committed 60672K, reserved 1105920K
  class space    used 7051K, committed 7168K, reserved 1048576K
}
Event: 81.833 GC heap before
{Heap before GC invocations=38 (full 0):
 garbage-first heap   total 92160K, used 74763K [0x0000000082200000, 0x0000000100000000)
  region size 1024K, 21 young (21504K), 1 survivors (1024K)
 Metaspace       used 63674K, committed 64000K, reserved 1105920K
  class space    used 7341K, committed 7488K, reserved 1048576K
}
Event: 81.841 GC heap after
{Heap after GC invocations=39 (full 0):
 garbage-first heap   total 92160K, used 56876K [0x0000000082200000, 0x0000000100000000)
  region size 1024K, 3 young (3072K), 3 survivors (3072K)
 Metaspace       used 63674K, committed 64000K, reserved 1105920K
  class space    used 7341K, committed 7488K, reserved 1048576K
}
Event: 84.994 GC heap before
{Heap before GC invocations=39 (full 0):
 garbage-first heap   total 92160K, used 75308K [0x0000000082200000, 0x0000000100000000)
  region size 1024K, 21 young (21504K), 3 survivors (3072K)
 Metaspace       used 64135K, committed 64384K, reserved 1105920K
  class space    used 7371K, committed 7488K, reserved 1048576K
}
Event: 85.010 GC heap after
{Heap after GC invocations=40 (full 0):
 garbage-first heap   total 92160K, used 59405K [0x0000000082200000, 0x0000000100000000)
  region size 1024K, 3 young (3072K), 3 survivors (3072K)
 Metaspace       used 64135K, committed 64384K, reserved 1105920K
  class space    used 7371K, committed 7488K, reserved 1048576K
}
Event: 87.242 GC heap before
{Heap before GC invocations=40 (full 0):
 garbage-first heap   total 92160K, used 75789K [0x0000000082200000, 0x0000000100000000)
  region size 1024K, 19 young (19456K), 3 survivors (3072K)
 Metaspace       used 65959K, committed 66240K, reserved 1114112K
  class space    used 7579K, committed 7680K, reserved 1048576K
}
Event: 87.256 GC heap after
{Heap after GC invocations=41 (full 0):
 garbage-first heap   total 92160K, used 61637K [0x0000000082200000, 0x0000000100000000)
  region size 1024K, 3 young (3072K), 3 survivors (3072K)
 Metaspace       used 65959K, committed 66240K, reserved 1114112K
  class space    used 7579K, committed 7680K, reserved 1048576K
}
Event: 88.957 GC heap before
{Heap before GC invocations=42 (full 0):
 garbage-first heap   total 107520K, used 73925K [0x0000000082200000, 0x0000000100000000)
  region size 1024K, 16 young (16384K), 3 survivors (3072K)
 Metaspace       used 69275K, committed 69568K, reserved 1114112K
  class space    used 7957K, committed 8064K, reserved 1048576K
}
Event: 88.970 GC heap after
{Heap after GC invocations=43 (full 0):
 garbage-first heap   total 107520K, used 62060K [0x0000000082200000, 0x0000000100000000)
  region size 1024K, 1 young (1024K), 1 survivors (1024K)
 Metaspace       used 69275K, committed 69568K, reserved 1114112K
  class space    used 7957K, committed 8064K, reserved 1048576K
}
Event: 89.476 GC heap before
{Heap before GC invocations=43 (full 0):
 garbage-first heap   total 107520K, used 65132K [0x0000000082200000, 0x0000000100000000)
  region size 1024K, 5 young (5120K), 1 survivors (1024K)
 Metaspace       used 70176K, committed 70464K, reserved 1114112K
  class space    used 8086K, committed 8192K, reserved 1048576K
}
Event: 89.483 GC heap after
{Heap after GC invocations=44 (full 0):
 garbage-first heap   total 107520K, used 61851K [0x0000000082200000, 0x0000000100000000)
  region size 1024K, 1 young (1024K), 1 survivors (1024K)
 Metaspace       used 70176K, committed 70464K, reserved 1114112K
  class space    used 8086K, committed 8192K, reserved 1048576K
}
Event: 92.204 GC heap before
{Heap before GC invocations=44 (full 0):
 garbage-first heap   total 107520K, used 88475K [0x0000000082200000, 0x0000000100000000)
  region size 1024K, 27 young (27648K), 1 survivors (1024K)
 Metaspace       used 72126K, committed 72384K, reserved 1114112K
  class space    used 8253K, committed 8384K, reserved 1048576K
}
Event: 92.218 GC heap after
{Heap after GC invocations=45 (full 0):
 garbage-first heap   total 107520K, used 64709K [0x0000000082200000, 0x0000000100000000)
  region size 1024K, 4 young (4096K), 4 survivors (4096K)
 Metaspace       used 72126K, committed 72384K, reserved 1114112K
  class space    used 8253K, committed 8384K, reserved 1048576K
}
Event: 94.498 GC heap before
{Heap before GC invocations=45 (full 0):
 garbage-first heap   total 107520K, used 88261K [0x0000000082200000, 0x0000000100000000)
  region size 1024K, 27 young (27648K), 4 survivors (4096K)
 Metaspace       used 72885K, committed 73152K, reserved 1114112K
  class space    used 8282K, committed 8384K, reserved 1048576K
}
Event: 94.516 GC heap after
{Heap after GC invocations=46 (full 0):
 garbage-first heap   total 107520K, used 65603K [0x0000000082200000, 0x0000000100000000)
  region size 1024K, 1 young (1024K), 1 survivors (1024K)
 Metaspace       used 72885K, committed 73152K, reserved 1114112K
  class space    used 8282K, committed 8384K, reserved 1048576K
}
Event: 96.964 GC heap before
{Heap before GC invocations=46 (full 0):
 garbage-first heap   total 107520K, used 88131K [0x0000000082200000, 0x0000000100000000)
  region size 1024K, 24 young (24576K), 1 survivors (1024K)
 Metaspace       used 75114K, committed 75392K, reserved 1122304K
  class space    used 8469K, committed 8576K, reserved 1048576K
}
Event: 96.974 GC heap after
{Heap after GC invocations=47 (full 0):
 garbage-first heap   total 107520K, used 66504K [0x0000000082200000, 0x0000000100000000)
  region size 1024K, 2 young (2048K), 2 survivors (2048K)
 Metaspace       used 75114K, committed 75392K, reserved 1122304K
  class space    used 8469K, committed 8576K, reserved 1048576K
}

